<?xml version="1.0" encoding="UTF-8"?>
<!-- Generated by org.testng.reporters.JUnitReportReporter -->
<testsuite hostname="Administrator" name="SeleniumDemoPackage.Testdemo" tests="2" failures="0" timestamp="5 Jan 2019 15:24:41 GMT" time="17.985" errors="0">
  <testcase name="resgistration" time="0.700" classname="SeleniumDemoPackage.Testdemo"/>
  <testcase name="loginCheck" time="17.285" classname="SeleniumDemoPackage.Testdemo"/>
</testsuite> <!-- SeleniumDemoPackage.Testdemo -->
