<?xml version="1.0" encoding="UTF-8"?>
<!-- Generated by org.testng.reporters.JUnitReportReporter -->
<testsuite hostname="Administrator" name="SeleniumDemoPackage.NewTest" tests="4" failures="0" timestamp="18 Dec 2018 15:05:56 GMT" time="0.031" errors="0">
  <testcase name="j" time="0.000" classname="SeleniumDemoPackage.NewTest"/>
  <testcase name="d" time="0.016" classname="SeleniumDemoPackage.NewTest"/>
  <testcase name="g" time="0.000" classname="SeleniumDemoPackage.NewTest"/>
  <testcase name="z" time="0.015" classname="SeleniumDemoPackage.NewTest"/>
</testsuite> <!-- SeleniumDemoPackage.NewTest -->
