<?xml version="1.0" encoding="UTF-8"?>
<!-- Generated by org.testng.reporters.JUnitReportReporter -->
<testsuite hostname="Administrator" name="SeleniumDemoPackage.DataproviderTest" tests="4" failures="0" timestamp="2 Jan 2019 07:29:18 GMT" time="0.019" errors="0">
  <testcase name="dataTest" time="0.002" classname="SeleniumDemoPackage.DataproviderTest"/>
  <testcase name="dataTest" time="0.002" classname="SeleniumDemoPackage.DataproviderTest"/>
  <testcase name="dataTest" time="0.013" classname="SeleniumDemoPackage.DataproviderTest"/>
  <testcase name="dataTest" time="0.002" classname="SeleniumDemoPackage.DataproviderTest"/>
</testsuite> <!-- SeleniumDemoPackage.DataproviderTest -->
